<?xml version="1.0" encoding="UTF-8"?>
<!-- Generated by org.testng.reporters.JUnitXMLReporter -->
<testsuite ignored="0" hostname="DESKTOP-99COHO2" failures="0" tests="3" name="Default test" time="8.868" errors="0" timestamp="2021-12-22T18:44:07 IST">
  <testcase classname="extentReport.ExtentReportGen" name="bing" time="2.747"/>
  <testcase classname="extentReport.ExtentReportGen" name="google" time="3.698"/>
  <testcase classname="extentReport.ExtentReportGen" name="wiki" time="2.38"/>
</testsuite> <!-- Default test -->
